Started GET "/tickets/1" for 127.0.0.1 at 2020-12-06 17:51:02 +0200
  [1m[35m (0.6ms)[0m  [1m[34mSELECT "schema_migrations"."version" FROM "schema_migrations" ORDER BY "schema_migrations"."version" ASC[0m

ActiveRecord::PendingMigrationError - Migrations are pending. To resolve this issue, run:
        rails db:migrate RAILS_ENV=development:

Started POST "/__better_errors/47122ab315e2de24/variables" for 127.0.0.1 at 2020-12-06 17:51:02 +0200
  [1m[35m (4.6ms)[0m  [1m[34mSELECT pg_try_advisory_lock(3206822499474767880)[0m
  [1m[35m (0.5ms)[0m  [1m[34mSELECT "schema_migrations"."version" FROM "schema_migrations" ORDER BY "schema_migrations"."version" ASC[0m
Migrating to CreateComments (20201121080722)
  [1m[35m (0.2ms)[0m  [1m[35mBEGIN[0m
  [1m[35m (13.8ms)[0m  [1m[35mCREATE TABLE "comments" ("id" bigserial primary key, "name" character varying, "comment" text, "created_at" timestamp(6) NOT NULL, "updated_at" timestamp(6) NOT NULL)[0m
  [1m[36mprimary::SchemaMigration Create (0.4ms)[0m  [1m[32mINSERT INTO "schema_migrations" ("version") VALUES ($1) RETURNING "version"[0m  [["version", "20201121080722"]]
  [1m[35m (5.0ms)[0m  [1m[35mCOMMIT[0m
Migrating to AddTicketIdToComments (20201121093046)
  [1m[35m (0.3ms)[0m  [1m[35mBEGIN[0m
  [1m[35m (1.9ms)[0m  [1m[35mALTER TABLE "comments" ADD "ticket_id" integer[0m
  [1m[36mprimary::SchemaMigration Create (0.3ms)[0m  [1m[32mINSERT INTO "schema_migrations" ("version") VALUES ($1) RETURNING "version"[0m  [["version", "20201121093046"]]
  [1m[35m (1.1ms)[0m  [1m[35mCOMMIT[0m
  [1m[36mActiveRecord::InternalMetadata Load (0.2ms)[0m  [1m[34mSELECT "ar_internal_metadata".* FROM "ar_internal_metadata" WHERE "ar_internal_metadata"."key" = $1 LIMIT $2[0m  [["key", "environment"], ["LIMIT", 1]]
  [1m[35m (0.4ms)[0m  [1m[34mSELECT pg_advisory_unlock(3206822499474767880)[0m
  [1m[35m (0.5ms)[0m  [1m[34mSELECT "schema_migrations"."version" FROM "schema_migrations" ORDER BY "schema_migrations"."version" ASC[0m
Started GET "/tickets/1" for 127.0.0.1 at 2020-12-06 17:51:43 +0200
  [1m[35m (0.5ms)[0m  [1m[34mSELECT "schema_migrations"."version" FROM "schema_migrations" ORDER BY "schema_migrations"."version" ASC[0m
Processing by TicketsController#show as HTML
  Parameters: {"id"=>"1"}
  [1m[36mTicket Load (0.6ms)[0m  [1m[34mSELECT "tickets".* FROM "tickets" WHERE "tickets"."id" = $1 LIMIT $2[0m  [["id", 1], ["LIMIT", 1]]
  ↳ app/controllers/tickets_controller.rb:26:in `show'
  Rendering tickets/show.html.erb within layouts/application
  [1m[35m (7.1ms)[0m  [1m[34mSELECT COUNT(*) FROM "comments" WHERE "comments"."ticket_id" = $1[0m  [["ticket_id", 1]]
  ↳ app/views/tickets/show.html.erb:31
  [1m[36mComment Load (0.2ms)[0m  [1m[34mSELECT "comments".* FROM "comments" WHERE "comments"."ticket_id" = $1[0m  [["ticket_id", 1]]
  ↳ app/views/tickets/show.html.erb:32
  Rendered collection of templates [0 times] (Duration: 0.0ms | Allocations: 3)
  Rendered comments/_form.html.erb (Duration: 172.4ms | Allocations: 20487)
  Rendered tickets/show.html.erb within layouts/application (Duration: 237.2ms | Allocations: 29328)
[Webpacker] Compiling...
[Webpacker] Compiled all packs in /home/lushen/Web_app_2/public/packs
[Webpacker] Hash: 15d1bb7b54cf6326b9ba
Version: webpack 4.44.2
Time: 1051ms
Built at: 2020/12/06 17:51:48
                                     Asset       Size       Chunks                         Chunk Names
    js/application-9afcbb5693aa87623e69.js    124 KiB  application  [emitted] [immutable]  application
js/application-9afcbb5693aa87623e69.js.map    139 KiB  application  [emitted] [dev]        application
                             manifest.json  364 bytes               [emitted]              
Entrypoint application = js/application-9afcbb5693aa87623e69.js js/application-9afcbb5693aa87623e69.js.map
[./app/javascript/channels sync recursive _channel\.js$] ./app/javascript/channels sync _channel\.js$ 160 bytes {application} [built]
[./app/javascript/channels/index.js] 211 bytes {application} [built]
[./app/javascript/packs/application.js] 749 bytes {application} [built]
[./node_modules/webpack/buildin/module.js] (webpack)/buildin/module.js 552 bytes {application} [built]
    + 3 hidden modules

Completed 200 OK in 5234ms (Views: 5192.3ms | ActiveRecord: 15.4ms | Allocations: 161055)


Started POST "/tickets/1/comments" for 127.0.0.1 at 2020-12-06 17:51:57 +0200
Processing by CommentsController#create as HTML
  Parameters: {"authenticity_token"=>"U9fiQojZlx5Wcfj5DmCYmdtLX2A7LnHmDtb49yRah/DOXQZm4yJ58Nv6vSKiBVasl0AutNTntKZX9Cn0F7vh+g==", "comment"=>{"name"=>"muhummad", "comment"=>"asdfjkhasldf"}, "commit"=>"Create Comment", "ticket_id"=>"1"}
  [1m[36mTicket Load (0.2ms)[0m  [1m[34mSELECT "tickets".* FROM "tickets" WHERE "tickets"."id" = $1 LIMIT $2[0m  [["id", 1], ["LIMIT", 1]]
  ↳ app/controllers/comments_controller.rb:5:in `create'
  [1m[35m (0.2ms)[0m  [1m[35mBEGIN[0m
  ↳ app/controllers/comments_controller.rb:6:in `create'
  [1m[36mComment Create (0.9ms)[0m  [1m[32mINSERT INTO "comments" ("name", "comment", "created_at", "updated_at", "ticket_id") VALUES ($1, $2, $3, $4, $5) RETURNING "id"[0m  [["name", "muhummad"], ["comment", "asdfjkhasldf"], ["created_at", "2020-12-06 15:51:57.420042"], ["updated_at", "2020-12-06 15:51:57.420042"], ["ticket_id", 1]]
  ↳ app/controllers/comments_controller.rb:6:in `create'
  [1m[35m (1.0ms)[0m  [1m[35mCOMMIT[0m
  ↳ app/controllers/comments_controller.rb:6:in `create'
Redirected to http://localhost:3000/tickets/1
Completed 302 Found in 15ms (ActiveRecord: 2.2ms | Allocations: 4120)


Started GET "/tickets/1" for 127.0.0.1 at 2020-12-06 17:51:57 +0200
Processing by TicketsController#show as HTML
  Parameters: {"id"=>"1"}
  [1m[36mTicket Load (0.5ms)[0m  [1m[34mSELECT "tickets".* FROM "tickets" WHERE "tickets"."id" = $1 LIMIT $2[0m  [["id", 1], ["LIMIT", 1]]
  ↳ app/controllers/tickets_controller.rb:26:in `show'
  Rendering tickets/show.html.erb within layouts/application
  [1m[35m (0.3ms)[0m  [1m[34mSELECT COUNT(*) FROM "comments" WHERE "comments"."ticket_id" = $1[0m  [["ticket_id", 1]]
  ↳ app/views/tickets/show.html.erb:31
  [1m[36mComment Load (0.2ms)[0m  [1m[34mSELECT "comments".* FROM "comments" WHERE "comments"."ticket_id" = $1[0m  [["ticket_id", 1]]
  ↳ app/views/tickets/show.html.erb:32
  Rendered collection of comments/_comment.html.erb [1 times] (Duration: 0.8ms | Allocations: 289)
  Rendered comments/_form.html.erb (Duration: 19.5ms | Allocations: 5454)
  Rendered tickets/show.html.erb within layouts/application (Duration: 25.6ms | Allocations: 7785)
[Webpacker] Everything's up-to-date. Nothing to do
Completed 200 OK in 34ms (Views: 31.1ms | ActiveRecord: 0.9ms | Allocations: 12288)


